[2025-02-04T18:51:09.691Z] 🚀 Starting Next.js production server...

node:fs:581
  return binding.open(
                 ^

Error: EBUSY: resource busy or locked, open 'E:\My_GitHub_Repos\body-measurement-record-app-PORTABLE\server.log'
    at Object.openSync (node:fs:581:18)
    at Object.writeFileSync (node:fs:2345:35)
    at Object.appendFileSync (node:fs:2411:6)
    at writeLog (E:\My_GitHub_Repos\body-measurement-record-app-PORTABLE\server.js:17:6)
    at Object.<anonymous> (E:\My_GitHub_Repos\body-measurement-record-app-PORTABLE\server.js:21:1)
    at Module._compile (node:internal/modules/cjs/loader:1376:14)
    at Module._extensions..js (node:internal/modules/cjs/loader:1435:10)
    at Module.load (node:internal/modules/cjs/loader:1207:32)
    at Module._load (node:internal/modules/cjs/loader:1023:12)
    at Function.executeUserEntryPoint [as runMain] (node:internal/modules/run_main:135:12) {
  errno: -4082,
  code: 'EBUSY',
  syscall: 'open',
  path: 'E:\\My_GitHub_Repos\\body-measurement-record-app-PORTABLE\\server.log'
}

Node.js v21.2.0
[2025-02-04T18:51:25.956Z] 🚀 Starting Next.js production server...

node:fs:581
  return binding.open(
                 ^

Error: EBUSY: resource busy or locked, open 'E:\My_GitHub_Repos\body-measurement-record-app-PORTABLE\server.log'
    at Object.openSync (node:fs:581:18)
    at Object.writeFileSync (node:fs:2345:35)
    at Object.appendFileSync (node:fs:2411:6)
    at writeLog (E:\My_GitHub_Repos\body-measurement-record-app-PORTABLE\server.js:17:6)
    at Object.<anonymous> (E:\My_GitHub_Repos\body-measurement-record-app-PORTABLE\server.js:21:1)
    at Module._compile (node:internal/modules/cjs/loader:1376:14)
    at Module._extensions..js (node:internal/modules/cjs/loader:1435:10)
    at Module.load (node:internal/modules/cjs/loader:1207:32)
    at Module._load (node:internal/modules/cjs/loader:1023:12)
    at Function.executeUserEntryPoint [as runMain] (node:internal/modules/run_main:135:12) {
  errno: -4082,
  code: 'EBUSY',
  syscall: 'open',
  path: 'E:\\My_GitHub_Repos\\body-measurement-record-app-PORTABLE\\server.log'
}

Node.js v21.2.0
[2025-02-04T18:52:44.636Z] 🚀 Starting Next.js production server...

node:fs:581
  return binding.open(
                 ^

Error: EBUSY: resource busy or locked, open 'E:\My_GitHub_Repos\body-measurement-record-app-PORTABLE\server.log'
    at Object.openSync (node:fs:581:18)
    at Object.writeFileSync (node:fs:2345:35)
    at Object.appendFileSync (node:fs:2411:6)
    at writeLog (E:\My_GitHub_Repos\body-measurement-record-app-PORTABLE\server.js:17:6)
    at Object.<anonymous> (E:\My_GitHub_Repos\body-measurement-record-app-PORTABLE\server.js:21:1)
    at Module._compile (node:internal/modules/cjs/loader:1376:14)
    at Module._extensions..js (node:internal/modules/cjs/loader:1435:10)
    at Module.load (node:internal/modules/cjs/loader:1207:32)
    at Module._load (node:internal/modules/cjs/loader:1023:12)
    at Function.executeUserEntryPoint [as runMain] (node:internal/modules/run_main:135:12) {
  errno: -4082,
  code: 'EBUSY',
  syscall: 'open',
  path: 'E:\\My_GitHub_Repos\\body-measurement-record-app-PORTABLE\\server.log'
}

Node.js v21.2.0
[2025-02-04T18:54:02.964Z] 🚀 Starting Next.js production server...

node:fs:581
  return binding.open(
                 ^

Error: EBUSY: resource busy or locked, open 'E:\My_GitHub_Repos\body-measurement-record-app-PORTABLE\server.log'
    at Object.openSync (node:fs:581:18)
    at Object.writeFileSync (node:fs:2345:35)
    at Object.appendFileSync (node:fs:2411:6)
    at writeLog (E:\My_GitHub_Repos\body-measurement-record-app-PORTABLE\server.js:17:6)
    at Object.<anonymous> (E:\My_GitHub_Repos\body-measurement-record-app-PORTABLE\server.js:21:1)
    at Module._compile (node:internal/modules/cjs/loader:1376:14)
    at Module._extensions..js (node:internal/modules/cjs/loader:1435:10)
    at Module.load (node:internal/modules/cjs/loader:1207:32)
    at Module._load (node:internal/modules/cjs/loader:1023:12)
    at Function.executeUserEntryPoint [as runMain] (node:internal/modules/run_main:135:12) {
  errno: -4082,
  code: 'EBUSY',
  syscall: 'open',
  path: 'E:\\My_GitHub_Repos\\body-measurement-record-app-PORTABLE\\server.log'
}

Node.js v21.2.0
[2025-02-04T18:55:54.554Z] 🚀 Starting Next.js production server...

❌ Failed to write log: EBUSY: resource busy or locked, open 'E:\My_GitHub_Repos\body-measurement-record-app-PORTABLE\server.log'
[2025-02-04T18:55:54.570Z] ✅ Server started at: http://localhost:3000/

❌ Failed to write log: EBUSY: resource busy or locked, open 'E:\My_GitHub_Repos\body-measurement-record-app-PORTABLE\server.log'
[2025-02-04T18:55:56.385Z] 🟢 SERVER: ▲ Next.js 15.1.6

❌ Failed to write log: EBUSY: resource busy or locked, open 'E:\My_GitHub_Repos\body-measurement-record-app-PORTABLE\server.log'
[2025-02-04T18:55:56.386Z] 🟢 SERVER: - Local:        http://localhost:3000
   - Network:      http://192.168.1.244:3000

 ✓ Starting...

❌ Failed to write log: EBUSY: resource busy or locked, open 'E:\My_GitHub_Repos\body-measurement-record-app-PORTABLE\server.log'
[2025-02-04T18:55:56.592Z] 🟢 SERVER: ✓ Ready in 526ms

❌ Failed to write log: EBUSY: resource busy or locked, open 'E:\My_GitHub_Repos\body-measurement-record-app-PORTABLE\server.log'
[2025-02-04T18:56:03.116Z] ⚠️ WARNING: ⨯ Error: @prisma/client did not initialize yet. Please run "prisma generate" and try to import it again.
    at 2395 (E:\My_GitHub_Repos\body-measurement-record-app-PORTABLE\.next\server\app\api\measurements\route.js:1:1052)
    at t (E:\My_GitHub_Repos\body-measurement-record-app-PORTABLE\.next\server\webpack-runtime.js:1:143)
    at r (E:\My_GitHub_Repos\body-measurement-record-app-PORTABLE\.next\server\app\api\measurements\route.js:1:4096)
    at <unknown> (E:\My_GitHub_Repos\body-measurement-record-app-PORTABLE\.next\server\app\api\measurements\route.js:1:4127)
    at t.X (E:\My_GitHub_Repos\body-measurement-record-app-PORTABLE\.next\server\webpack-runtime.js:1:1285)
    at <unknown> (E:\My_GitHub_Repos\body-measurement-record-app-PORTABLE\.next\server\app\api\measurements\route.js:1:4109)
    at Object.<anonymous> (E:\My_GitHub_Repos\body-measurement-record-app-PORTABLE\.next\server\app\api\measurements\route.js:1:4154)

❌ Failed to write log: EBUSY: resource busy or locked, open 'E:\My_GitHub_Repos\body-measurement-record-app-PORTABLE\server.log'
[2025-02-04T18:56:12.063Z] ⚠️ WARNING: ⨯ Error: @prisma/client did not initialize yet. Please run "prisma generate" and try to import it again.
    at 2395 (E:\My_GitHub_Repos\body-measurement-record-app-PORTABLE\.next\server\app\api\measurements\route.js:1:1052)
    at t (E:\My_GitHub_Repos\body-measurement-record-app-PORTABLE\.next\server\webpack-runtime.js:1:143)
    at r (E:\My_GitHub_Repos\body-measurement-record-app-PORTABLE\.next\server\app\api\measurements\route.js:1:4096)
    at <unknown> (E:\My_GitHub_Repos\body-measurement-record-app-PORTABLE\.next\server\app\api\measurements\route.js:1:4127)
    at t.X (E:\My_GitHub_Repos\body-measurement-record-app-PORTABLE\.next\server\webpack-runtime.js:1:1285)
    at <unknown> (E:\My_GitHub_Repos\body-measurement-record-app-PORTABLE\.next\server\app\api\measurements\route.js:1:4109)
    at Object.<anonymous> (E:\My_GitHub_Repos\body-measurement-record-app-PORTABLE\.next\server\app\api\measurements\route.js:1:4154)

❌ Failed to write log: EBUSY: resource busy or locked, open 'E:\My_GitHub_Repos\body-measurement-record-app-PORTABLE\server.log'
[2025-02-04T18:58:52.651Z] 🚀 Starting Next.js production server...

node:fs:581
  return binding.open(
                 ^

Error: EBUSY: resource busy or locked, open 'E:\My_GitHub_Repos\body-measurement-record-app-PORTABLE\server.log'
    at Object.openSync (node:fs:581:18)
    at Object.writeFileSync (node:fs:2345:35)
    at writeLog (E:\My_GitHub_Repos\body-measurement-record-app-PORTABLE\server.js:13:6)
    at Object.<anonymous> (E:\My_GitHub_Repos\body-measurement-record-app-PORTABLE\server.js:17:1)
    at Module._compile (node:internal/modules/cjs/loader:1376:14)
    at Module._extensions..js (node:internal/modules/cjs/loader:1435:10)
    at Module.load (node:internal/modules/cjs/loader:1207:32)
    at Module._load (node:internal/modules/cjs/loader:1023:12)
    at Function.executeUserEntryPoint [as runMain] (node:internal/modules/run_main:135:12)
    at node:internal/main/run_main_module:28:49 {
  errno: -4082,
  code: 'EBUSY',
  syscall: 'open',
  path: 'E:\\My_GitHub_Repos\\body-measurement-record-app-PORTABLE\\server.log'
}

Node.js v21.2.0
[2025-02-04T18:59:06.445Z] 🚀 Starting Next.js production server...

node:fs:581
  return binding.open(
                 ^

Error: EBUSY: resource busy or locked, open 'E:\My_GitHub_Repos\body-measurement-record-app-PORTABLE\server.log'
    at Object.openSync (node:fs:581:18)
    at Object.writeFileSync (node:fs:2345:35)
    at writeLog (E:\My_GitHub_Repos\body-measurement-record-app-PORTABLE\server.js:13:6)
    at Object.<anonymous> (E:\My_GitHub_Repos\body-measurement-record-app-PORTABLE\server.js:17:1)
    at Module._compile (node:internal/modules/cjs/loader:1376:14)
    at Module._extensions..js (node:internal/modules/cjs/loader:1435:10)
    at Module.load (node:internal/modules/cjs/loader:1207:32)
    at Module._load (node:internal/modules/cjs/loader:1023:12)
    at Function.executeUserEntryPoint [as runMain] (node:internal/modules/run_main:135:12)
    at node:internal/main/run_main_module:28:49 {
  errno: -4082,
  code: 'EBUSY',
  syscall: 'open',
  path: 'E:\\My_GitHub_Repos\\body-measurement-record-app-PORTABLE\\server.log'
}

Node.js v21.2.0
[2025-02-04T18:59:12.940Z] 🚀 Starting Next.js production server...

node:fs:581
  return binding.open(
                 ^

Error: EBUSY: resource busy or locked, open 'E:\My_GitHub_Repos\body-measurement-record-app-PORTABLE\server.log'
    at Object.openSync (node:fs:581:18)
    at Object.writeFileSync (node:fs:2345:35)
    at writeLog (E:\My_GitHub_Repos\body-measurement-record-app-PORTABLE\server.js:13:6)
    at Object.<anonymous> (E:\My_GitHub_Repos\body-measurement-record-app-PORTABLE\server.js:17:1)
    at Module._compile (node:internal/modules/cjs/loader:1376:14)
    at Module._extensions..js (node:internal/modules/cjs/loader:1435:10)
    at Module.load (node:internal/modules/cjs/loader:1207:32)
    at Module._load (node:internal/modules/cjs/loader:1023:12)
    at Function.executeUserEntryPoint [as runMain] (node:internal/modules/run_main:135:12)
    at node:internal/main/run_main_module:28:49 {
  errno: -4082,
  code: 'EBUSY',
  syscall: 'open',
  path: 'E:\\My_GitHub_Repos\\body-measurement-record-app-PORTABLE\\server.log'
}

Node.js v21.2.0
[2025-02-04T18:59:26.073Z] 🚀 Starting Next.js production server...

node:fs:581
  return binding.open(
                 ^

Error: EBUSY: resource busy or locked, open 'E:\My_GitHub_Repos\body-measurement-record-app-PORTABLE\server.log'
    at Object.openSync (node:fs:581:18)
    at Object.writeFileSync (node:fs:2345:35)
    at writeLog (E:\My_GitHub_Repos\body-measurement-record-app-PORTABLE\server.js:13:6)
    at Object.<anonymous> (E:\My_GitHub_Repos\body-measurement-record-app-PORTABLE\server.js:17:1)
    at Module._compile (node:internal/modules/cjs/loader:1376:14)
    at Module._extensions..js (node:internal/modules/cjs/loader:1435:10)
    at Module.load (node:internal/modules/cjs/loader:1207:32)
    at Module._load (node:internal/modules/cjs/loader:1023:12)
    at Function.executeUserEntryPoint [as runMain] (node:internal/modules/run_main:135:12)
    at node:internal/main/run_main_module:28:49 {
  errno: -4082,
  code: 'EBUSY',
  syscall: 'open',
  path: 'E:\\My_GitHub_Repos\\body-measurement-record-app-PORTABLE\\server.log'
}

Node.js v21.2.0
[2025-02-04T18:59:44.065Z] 🚀 Starting Next.js production server...

❌ Failed to write log: EBUSY: resource busy or locked, open 'E:\My_GitHub_Repos\body-measurement-record-app-PORTABLE\server.log'
[2025-02-04T18:59:44.085Z] ✅ Server started at: http://localhost:3000/

❌ Failed to write log: EBUSY: resource busy or locked, open 'E:\My_GitHub_Repos\body-measurement-record-app-PORTABLE\server.log'
[2025-02-04T18:59:45.990Z] 🟢 SERVER: ▲ Next.js 15.1.6

❌ Failed to write log: EBUSY: resource busy or locked, open 'E:\My_GitHub_Repos\body-measurement-record-app-PORTABLE\server.log'
[2025-02-04T18:59:45.990Z] 🟢 SERVER: - Local:        http://localhost:3000
   - Network:      http://192.168.1.244:3000

 ✓ Starting...

❌ Failed to write log: EBUSY: resource busy or locked, open 'E:\My_GitHub_Repos\body-measurement-record-app-PORTABLE\server.log'
[2025-02-04T18:59:46.187Z] 🟢 SERVER: ✓ Ready in 485ms

❌ Failed to write log: EBUSY: resource busy or locked, open 'E:\My_GitHub_Repos\body-measurement-record-app-PORTABLE\server.log'
[2025-02-04T18:59:48.761Z] ⚠️ WARNING: ⨯ Error: @prisma/client did not initialize yet. Please run "prisma generate" and try to import it again.
    at 2395 (E:\My_GitHub_Repos\body-measurement-record-app-PORTABLE\.next\server\app\api\measurements\route.js:1:1052)
    at t (E:\My_GitHub_Repos\body-measurement-record-app-PORTABLE\.next\server\webpack-runtime.js:1:143)
    at r (E:\My_GitHub_Repos\body-measurement-record-app-PORTABLE\.next\server\app\api\measurements\route.js:1:4096)
    at <unknown> (E:\My_GitHub_Repos\body-measurement-record-app-PORTABLE\.next\server\app\api\measurements\route.js:1:4127)
    at t.X (E:\My_GitHub_Repos\body-measurement-record-app-PORTABLE\.next\server\webpack-runtime.js:1:1285)
    at <unknown> (E:\My_GitHub_Repos\body-measurement-record-app-PORTABLE\.next\server\app\api\measurements\route.js:1:4109)
    at Object.<anonymous> (E:\My_GitHub_Repos\body-measurement-record-app-PORTABLE\.next\server\app\api\measurements\route.js:1:4154)

❌ Failed to write log: EBUSY: resource busy or locked, open 'E:\My_GitHub_Repos\body-measurement-record-app-PORTABLE\server.log'
[2025-02-04T19:00:22.767Z] 🚀 Starting Next.js production server...

❌ Failed to write log: EBUSY: resource busy or locked, open 'E:\My_GitHub_Repos\body-measurement-record-app-PORTABLE\server.log'
[2025-02-04T19:00:22.782Z] ✅ Server started at: http://localhost:3000/

❌ Failed to write log: EBUSY: resource busy or locked, open 'E:\My_GitHub_Repos\body-measurement-record-app-PORTABLE\server.log'
[2025-02-04T19:00:24.538Z] 🟢 SERVER: ▲ Next.js 15.1.6

❌ Failed to write log: EBUSY: resource busy or locked, open 'E:\My_GitHub_Repos\body-measurement-record-app-PORTABLE\server.log'
[2025-02-04T19:00:24.539Z] 🟢 SERVER: - Local:        http://localhost:3000
   - Network:      http://192.168.1.244:3000

 ✓ Starting...

❌ Failed to write log: EBUSY: resource busy or locked, open 'E:\My_GitHub_Repos\body-measurement-record-app-PORTABLE\server.log'
[2025-02-04T19:00:24.737Z] 🟢 SERVER: ✓ Ready in 459ms

❌ Failed to write log: EBUSY: resource busy or locked, open 'E:\My_GitHub_Repos\body-measurement-record-app-PORTABLE\server.log'
[2025-02-04T19:00:46.332Z] 🚀 Starting Next.js production server...

❌ Failed to write log: EBUSY: resource busy or locked, open 'E:\My_GitHub_Repos\body-measurement-record-app-PORTABLE\server.log'
[2025-02-04T19:00:46.346Z] ✅ Server started at: http://localhost:3000/

❌ Failed to write log: EBUSY: resource busy or locked, open 'E:\My_GitHub_Repos\body-measurement-record-app-PORTABLE\server.log'
[2025-02-04T19:00:48.180Z] 🟢 SERVER: ▲ Next.js 15.1.6

❌ Failed to write log: EBUSY: resource busy or locked, open 'E:\My_GitHub_Repos\body-measurement-record-app-PORTABLE\server.log'
[2025-02-04T19:00:48.181Z] 🟢 SERVER: - Local:        http://localhost:3000
   - Network:      http://192.168.1.244:3000

 ✓ Starting...

❌ Failed to write log: EBUSY: resource busy or locked, open 'E:\My_GitHub_Repos\body-measurement-record-app-PORTABLE\server.log'
[2025-02-04T19:00:48.372Z] 🟢 SERVER: ✓ Ready in 468ms

❌ Failed to write log: EBUSY: resource busy or locked, open 'E:\My_GitHub_Repos\body-measurement-record-app-PORTABLE\server.log'
[2025-02-04T19:01:44.828Z] 🚀 Starting Next.js production server...

❌ Failed to write log: EBUSY: resource busy or locked, open 'E:\My_GitHub_Repos\body-measurement-record-app-PORTABLE\server.log'
[2025-02-04T19:01:44.843Z] ✅ Server started at: http://localhost:3000/

❌ Failed to write log: EBUSY: resource busy or locked, open 'E:\My_GitHub_Repos\body-measurement-record-app-PORTABLE\server.log'
[2025-02-04T19:01:46.593Z] 🟢 SERVER: ▲ Next.js 15.1.6

❌ Failed to write log: EBUSY: resource busy or locked, open 'E:\My_GitHub_Repos\body-measurement-record-app-PORTABLE\server.log'
[2025-02-04T19:01:46.594Z] 🟢 SERVER: - Local:        http://localhost:3000
   - Network:      http://192.168.1.244:3000

 ✓ Starting...

❌ Failed to write log: EBUSY: resource busy or locked, open 'E:\My_GitHub_Repos\body-measurement-record-app-PORTABLE\server.log'
[2025-02-04T19:01:46.804Z] 🟢 SERVER: ✓ Ready in 469ms

❌ Failed to write log: EBUSY: resource busy or locked, open 'E:\My_GitHub_Repos\body-measurement-record-app-PORTABLE\server.log'
[2025-02-04T19:01:53.159Z] ⚠️ WARNING: ⨯ Error: @prisma/client did not initialize yet. Please run "prisma generate" and try to import it again.
    at 2395 (E:\My_GitHub_Repos\body-measurement-record-app-PORTABLE\.next\server\app\api\measurements\route.js:1:1052)
    at t (E:\My_GitHub_Repos\body-measurement-record-app-PORTABLE\.next\server\webpack-runtime.js:1:143)
    at r (E:\My_GitHub_Repos\body-measurement-record-app-PORTABLE\.next\server\app\api\measurements\route.js:1:4096)
    at <unknown> (E:\My_GitHub_Repos\body-measurement-record-app-PORTABLE\.next\server\app\api\measurements\route.js:1:4127)
    at t.X (E:\My_GitHub_Repos\body-measurement-record-app-PORTABLE\.next\server\webpack-runtime.js:1:1285)
    at <unknown> (E:\My_GitHub_Repos\body-measurement-record-app-PORTABLE\.next\server\app\api\measurements\route.js:1:4109)
    at Object.<anonymous> (E:\My_GitHub_Repos\body-measurement-record-app-PORTABLE\.next\server\app\api\measurements\route.js:1:4154)

❌ Failed to write log: EBUSY: resource busy or locked, open 'E:\My_GitHub_Repos\body-measurement-record-app-PORTABLE\server.log'
[2025-02-04T19:02:05.958Z] 🚀 Starting Next.js production server...

❌ Failed to write log: EBUSY: resource busy or locked, open 'E:\My_GitHub_Repos\body-measurement-record-app-PORTABLE\server.log'
[2025-02-04T19:02:05.972Z] ✅ Server started at: http://localhost:3000/

❌ Failed to write log: EBUSY: resource busy or locked, open 'E:\My_GitHub_Repos\body-measurement-record-app-PORTABLE\server.log'
[2025-02-04T19:02:07.721Z] 🟢 SERVER: ▲ Next.js 15.1.6

❌ Failed to write log: EBUSY: resource busy or locked, open 'E:\My_GitHub_Repos\body-measurement-record-app-PORTABLE\server.log'
[2025-02-04T19:02:07.722Z] 🟢 SERVER: - Local:        http://localhost:3000
   - Network:      http://192.168.1.244:3000

 ✓ Starting...

❌ Failed to write log: EBUSY: resource busy or locked, open 'E:\My_GitHub_Repos\body-measurement-record-app-PORTABLE\server.log'
[2025-02-04T19:02:07.910Z] 🟢 SERVER: ✓ Ready in 444ms

❌ Failed to write log: EBUSY: resource busy or locked, open 'E:\My_GitHub_Repos\body-measurement-record-app-PORTABLE\server.log'
[2025-02-04T19:02:38.035Z] ⚠️ WARNING: ⨯ Error: @prisma/client did not initialize yet. Please run "prisma generate" and try to import it again.
    at 2395 (E:\My_GitHub_Repos\body-measurement-record-app-PORTABLE\.next\server\app\api\measurements\route.js:1:1052)
    at t (E:\My_GitHub_Repos\body-measurement-record-app-PORTABLE\.next\server\webpack-runtime.js:1:143)
    at r (E:\My_GitHub_Repos\body-measurement-record-app-PORTABLE\.next\server\app\api\measurements\route.js:1:4096)
    at <unknown> (E:\My_GitHub_Repos\body-measurement-record-app-PORTABLE\.next\server\app\api\measurements\route.js:1:4127)
    at t.X (E:\My_GitHub_Repos\body-measurement-record-app-PORTABLE\.next\server\webpack-runtime.js:1:1285)
    at <unknown> (E:\My_GitHub_Repos\body-measurement-record-app-PORTABLE\.next\server\app\api\measurements\route.js:1:4109)
    at Object.<anonymous> (E:\My_GitHub_Repos\body-measurement-record-app-PORTABLE\.next\server\app\api\measurements\route.js:1:4154)

❌ Failed to write log: EBUSY: resource busy or locked, open 'E:\My_GitHub_Repos\body-measurement-record-app-PORTABLE\server.log'
